Starting Dynare (version 4.4.2).
Starting preprocessing of the model file ...
Found 42 equation(s).
Evaluating expressions...done
Computing static model derivatives:
 - order 1
Computing dynamic model derivatives:
 - order 1
Processing outputs ...done
Preprocessing completed.
Starting MATLAB/Octave computing.

SOLVE: maxit has been reached
{Error using <a href="matlab:helpUtils.errorDocCallback('print_info', '/Applications/Dynare/4.4.2/matlab/print_info.m', 74)" style="font-weight:bold">print_info</a> (<a href="matlab: opentoline('/Applications/Dynare/4.4.2/matlab/print_info.m',74,0)">line 74</a>)
Impossible to find the steady state. Either the model doesn't have a steady state, there are an
infinity of steady states,  or the guess values are too far from the solution

Error in <a href="matlab:helpUtils.errorDocCallback('check', '/Applications/Dynare/4.4.2/matlab/check.m', 76)" style="font-weight:bold">check</a> (<a href="matlab: opentoline('/Applications/Dynare/4.4.2/matlab/check.m',76,0)">line 76</a>)
    print_info(info, 0, options);

Error in <a href="matlab:helpUtils.errorDocCallback('FA', '/Users/max/Documents/matlab/master_thesis_models/time_varying_unconventional_DSGE/FA.m', 489)" style="font-weight:bold">FA</a> (<a href="matlab: opentoline('/Users/max/Documents/matlab/master_thesis_models/time_varying_unconventional_DSGE/FA.m',489,0)">line 489</a>)
oo_.dr.eigval = check(M_,options_,oo_);

Error in <a href="matlab:helpUtils.errorDocCallback('dynare', '/Applications/Dynare/4.4.2/matlab/dynare.m', 180)" style="font-weight:bold">dynare</a> (<a href="matlab: opentoline('/Applications/Dynare/4.4.2/matlab/dynare.m',180,0)">line 180</a>)
evalin('base',fname) ;
} 
clear
dynare FA.mod

Configuring Dynare ...
[mex] Generalized QZ.
[mex] Sylvester equation solution.
[mex] Kronecker products.
[mex] Sparse kronecker products.
[mex] Local state space iteration (second order).
[mex] Bytecode evaluation.
[mex] k-order perturbation solver.
[mex] k-order solution simulation.
[mex] Quasi Monte-Carlo sequence (Sobol).
[mex] Markov Switching SBVAR.

Starting Dynare (version 4.4.2).
Starting preprocessing of the model file ...
Found 42 equation(s).
Evaluating expressions...done
Computing static model derivatives:
 - order 1
Computing dynamic model derivatives:
 - order 1
Processing outputs ...done
Preprocessing completed.
Starting MATLAB/Octave computing.


SOLVE: maxit has been reached
{Error using <a href="matlab:helpUtils.errorDocCallback('print_info', '/Applications/Dynare/4.4.2/matlab/print_info.m', 74)" style="font-weight:bold">print_info</a> (<a href="matlab: opentoline('/Applications/Dynare/4.4.2/matlab/print_info.m',74,0)">line 74</a>)
Impossible to find the steady state. Either the model doesn't have a steady state, there are an
infinity of steady states,  or the guess values are too far from the solution

Error in <a href="matlab:helpUtils.errorDocCallback('check', '/Applications/Dynare/4.4.2/matlab/check.m', 76)" style="font-weight:bold">check</a> (<a href="matlab: opentoline('/Applications/Dynare/4.4.2/matlab/check.m',76,0)">line 76</a>)
    print_info(info, 0, options);

Error in <a href="matlab:helpUtils.errorDocCallback('FA', '/Users/max/Documents/matlab/master_thesis_models/time_varying_unconventional_DSGE/FA.m', 489)" style="font-weight:bold">FA</a> (<a href="matlab: opentoline('/Users/max/Documents/matlab/master_thesis_models/time_varying_unconventional_DSGE/FA.m',489,0)">line 489</a>)
oo_.dr.eigval = check(M_,options_,oo_);

Error in <a href="matlab:helpUtils.errorDocCallback('dynare', '/Applications/Dynare/4.4.2/matlab/dynare.m', 180)" style="font-weight:bold">dynare</a> (<a href="matlab: opentoline('/Applications/Dynare/4.4.2/matlab/dynare.m',180,0)">line 180</a>)
evalin('base',fname) ;
} 
